<?xml version="1.0" encoding="UTF-8"?>
<!-- Generated by org.testng.reporters.JUnitReportReporter -->
<testsuite hostname="K-IRFAT-L2" failures="0" tests="2" name="UI.VerifyTitletest" time="37.581" errors="0" timestamp="2024-03-13T12:41:34 BDT" skipped="0">
  <testcase classname="UI.VerifyTitletest" name="titleTest" time="12.195"/>
  <system-out/>
  <testcase classname="UI.VerifyTitletest" name="titleTest" time="25.386"/>
  <system-out/>
</testsuite> <!-- UI.VerifyTitletest -->
