<?xml version="1.0" encoding="UTF-8"?>
<!-- Generated by org.testng.reporters.JUnitReportReporter -->
<testsuite hostname="K-IRFAT-L2" failures="0" tests="3" name="UI.SkipDemo" time="0.007" errors="0" timestamp="2024-03-14T10:36:55 BDT" skipped="3">
  <testcase classname="UI.SkipDemo" name="skipTest2" time="0.006">
    <skipped/>
  </testcase> <!-- skipTest2 -->
  <system-out/>
  <testcase classname="UI.SkipDemo" name="skipTest3" time="0.001">
    <skipped/>
  </testcase> <!-- skipTest3 -->
  <system-out/>
  <testcase classname="UI.SkipDemo" name="skipTest1">
    <skipped/>
  </testcase> <!-- skipTest1 -->
  <system-out/>
</testsuite> <!-- UI.SkipDemo -->
