<?xml version="1.0" encoding="UTF-8"?>
<!-- Generated by org.testng.reporters.JUnitReportReporter -->
<testsuite hostname="K-IRFAT-L2" failures="0" tests="2" name="UI.Group2forSuite" time="0.008" errors="0" timestamp="2024-03-14T11:25:37 BDT" skipped="0">
  <testcase classname="UI.Group2forSuite" name="loginCheck" time="0.007"/>
  <system-out/>
  <testcase classname="UI.Group2forSuite" name="logoutCheck" time="0.001"/>
  <system-out/>
</testsuite> <!-- UI.Group2forSuite -->
