<?xml version="1.0" encoding="UTF-8"?>
<!-- Generated by org.testng.reporters.JUnitReportReporter -->
<testsuite hostname="K-IRFAT-L2" failures="0" tests="2" name="UI.Group" time="0.006" errors="0" timestamp="2024-03-14T10:57:00 BDT" skipped="0">
  <testcase classname="UI.Group" name="loginCheck" time="0.004"/>
  <system-out/>
  <testcase classname="UI.Group" name="logoutCheck" time="0.002"/>
  <system-out/>
</testsuite> <!-- UI.Group -->
