<?xml version="1.0" encoding="UTF-8"?>
<!-- Generated by org.testng.reporters.JUnitReportReporter -->
<testsuite hostname="K-IRFAT-L2" failures="0" tests="2" name="UI.loginTest" time="0.004" errors="0" timestamp="2024-03-13T12:41:34 BDT" skipped="0">
  <testcase classname="UI.loginTest" name="loginCheck" time="0.003"/>
  <system-out/>
  <testcase classname="UI.loginTest" name="logoutCheck" time="0.001"/>
  <system-out/>
</testsuite> <!-- UI.loginTest -->
