<?xml version="1.0" encoding="UTF-8"?>
<!-- Generated by org.testng.reporters.JUnitReportReporter -->
<testsuite hostname="K-IRFAT-L2" failures="0" tests="1" name="Page.loginClass" time="0.005" errors="0" timestamp="2024-03-19T14:57:13 BDT" skipped="0">
  <testcase classname="Page.loginClass" name="loginTest" time="0.005"/>
  <system-out/>
</testsuite> <!-- Page.loginClass -->
